<?xml version="1.0" encoding="UTF-8"?>
<!-- Generated by org.testng.reporters.JUnitXMLReporter -->
<testsuite ignored="0" hostname="DESKTOP-BVVV3QU" failures="0" tests="4" name="Default test" time="69.438" errors="0" timestamp="2022-12-30T08:42:59 IST">
  <testcase classname="TestCasesofLoginpage" name="valiatingInventorypageURLTest" time="0.434"/>
  <testcase classname="TestCasesofLoginpage" name="validateTitleTest" time="0.039"/>
  <testcase classname="TestCasesofLoginpage" name="validateUrlTest" time="0.036"/>
  <testcase classname="TestCasesofLoginpage" name="validatingloginlogoTest" time="2.18"/>
</testsuite> <!-- Default test -->
