<?xml version="1.0" encoding="UTF-8"?>
<!-- Generated by org.testng.reporters.JUnitXMLReporter -->
<testsuite ignored="0" hostname="DESKTOP-BVVV3QU" failures="0" tests="6" name="Default test" time="36.871" errors="0" timestamp="2022-12-31T00:01:36 IST">
  <testcase classname="TestcasesofInventorypage" name="ValidateFacebookLogoTest" time="0.102"/>
  <testcase classname="TestcasesofInventorypage" name="ValidateTwitterLogoTest" time="0.06"/>
  <testcase classname="TestcasesofInventorypage" name="valadatingApplogoTest" time="0.091"/>
  <testcase classname="TestcasesofInventorypage" name="validateSmalllogoTest" time="0.08"/>
  <testcase classname="TestcasesofInventorypage" name="validatebiglogoTest" time="0.07"/>
  <testcase classname="TestcasesofInventorypage" name="validateproducttextTest" time="0.064"/>
</testsuite> <!-- Default test -->
